Arguments: 
  C:\Program Files\nodejs\node.exe C:\Program Files (x86)\Yarn\bin\yarn.js add mongoose

PATH: 
  C:\Users\Yian\bin;C:\Program Files\Git\mingw64\bin;C:\Program Files\Git\usr\local\bin;C:\Program Files\Git\usr\bin;C:\Program Files\Git\usr\bin;C:\Program Files\Git\mingw64\bin;C:\Program Files\Git\usr\bin;C:\Users\Yian\bin;C:\Program Files\Java\jdk-17.0.2\bin;C:\Program Files\Common Files\Oracle\Java\javapath;C:\Program Files\CodeBlocks\MinGW\bin;C:\Program Files (x86)\Common Files\Oracle\Java\javapath;C:\ProgramData\Oracle\Java\javapath;C:\Windows\system32;C:\Windows;C:\Windows\System32\Wbem;C:\Windows\System32\WindowsPowerShell\v1.0;C:\Windows\System32\OpenSSH;C:\Program Files\Calibre2;C:\Program Files\Microsoft SQL Server\110\DTS\Binn;C:\Program Files (x86)\Microsoft SQL Server\110\Tools\Binn;C:\Program Files\Microsoft SQL Server\110\Tools\Binn;C:\Program Files (x86)\Microsoft SQL Server\110\Tools\Binn\ManagementStudio;C:\Program Files (x86)\Microsoft Visual Studio 10.0\Common7\IDE\PrivateAssemblies;C:\Program Files (x86)\Microsoft SQL Server\110\DTS\Binn;C:\msys64\mingw64\bin;C:\Program Files\Git\cmd;C:\ProgramData\chocolatey\bin;C:\HashiCorp\Vagrant\bin;C:\Program Files (x86)\Yarn\bin;C:\Program Files\nodejs;C:\Program Files\PowerShell\7;C:\Users\Yian\AppData\Local\Programs\Python\Python311\Scripts;C:\Users\Yian\AppData\Local\Programs\Python\Python311;C:\Program Files\Java\jdk-17.0.2\bin;C:\Users\Yian\AppData\Local\Microsoft\WindowsApps;C:\Program Files\Java\jre1.8.0_301\bin;C:\Program Files\CodeBlocks\MinGW\bin;C:\msys64\mingw64\bin;C:\Program Files\JetBrains\IntelliJ IDEA 2021.3.3\bin;C:\Users\Yian\AppData\Local\Programs\Microsoft VS Code\bin;C:\Program Files\JetBrains\PyCharm Community Edition 2022.2.3\bin;C:\Users\Yian\AppData\Local\Yarn\bin;C:\Users\Yian\AppData\Roaming\npm;C:\Program Files\Git\usr\bin\vendor_perl;C:\Program Files\Git\usr\bin\core_perl

Yarn version: 
  1.22.19

Node version: 
  18.15.0

Platform: 
  win32 x64

Trace: 
  Error: getaddrinfo EAI_AGAIN registry.yarnpkg.com
      at GetAddrInfoReqWrap.onlookup [as oncomplete] (node:dns:107:26)

npm manifest: 
  {
    "name": "database",
    "version": "1.0.0",
    "main": "index.js",
    "license": "MIT"
  }

yarn manifest: 
  No manifest

Lockfile: 
  No lockfile
